
> intro-storybook-react-template@0.2.0 build-storybook
> storybook build

@storybook/cli v7.6.6

info => Cleaning outputDir: /var/folders/tc/wch74nnn249gm01jjtvcn0xh0000gn/T/chromatic--87368-Egqe0o45eKNu
info => Loading presets
info => Building manager..
info => Manager built (154 ms)
info => Building preview..
info => Copying static files: /Users/mac/Documents/study/taskbox/node_modules/@storybook/manager/static at /var/folders/tc/wch74nnn249gm01jjtvcn0xh0000gn/T/chromatic--87368-Egqe0o45eKNu/sb-common-assets
info => Copying static files: /Users/mac/Documents/study/taskbox/public at /var/folders/tc/wch74nnn249gm01jjtvcn0xh0000gn/T/chromatic--87368-Egqe0o45eKNu/
vite v4.5.2 building for production...

./sb-common-assets/fonts.css doesn't exist at build time, it will remain unchanged to be resolved at runtime
transforming...
node_modules/telejson/dist/index.mjs (1413:15) Use of eval in "node_modules/telejson/dist/index.mjs" is strongly discouraged as it poses security risks and may cause issues with minification.
node_modules/telejson/dist/index.mjs (1416:18) Use of eval in "node_modules/telejson/dist/index.mjs" is strongly discouraged as it poses security risks and may cause issues with minification.
✓ 839 modules transformed.
rendering chunks...
computing gzip size...
../../../../../var/folders/tc/wch74nnn249gm01jjtvcn0xh0000gn/T/chromatic--87368-Egqe0o45eKNu/iframe.html                                     12.58 kB │ gzip:   3.58 kB
../../../../../var/folders/tc/wch74nnn249gm01jjtvcn0xh0000gn/T/chromatic--87368-Egqe0o45eKNu/assets/percolate-dac75269.ttf                   34.04 kB
../../../../../var/folders/tc/wch74nnn249gm01jjtvcn0xh0000gn/T/chromatic--87368-Egqe0o45eKNu/assets/percolate-ec979d96.woff                  34.11 kB
../../../../../var/folders/tc/wch74nnn249gm01jjtvcn0xh0000gn/T/chromatic--87368-Egqe0o45eKNu/assets/percolate-5ed633c2.eot                   34.21 kB
../../../../../var/folders/tc/wch74nnn249gm01jjtvcn0xh0000gn/T/chromatic--87368-Egqe0o45eKNu/assets/percolate-d13fa91b.svg                  140.51 kB │ gzip:  47.50 kB
../../../../../var/folders/tc/wch74nnn249gm01jjtvcn0xh0000gn/T/chromatic--87368-Egqe0o45eKNu/assets/preview-4f244d89.css                      6.87 kB │ gzip:   2.06 kB
../../../../../var/folders/tc/wch74nnn249gm01jjtvcn0xh0000gn/T/chromatic--87368-Egqe0o45eKNu/assets/_commonjs-dynamic-modules-302442b1.js     0.24 kB │ gzip:   0.19 kB
../../../../../var/folders/tc/wch74nnn249gm01jjtvcn0xh0000gn/T/chromatic--87368-Egqe0o45eKNu/assets/WithTooltip-V3YHNWJZ-82ab9e41.js          0.44 kB │ gzip:   0.27 kB
../../../../../var/folders/tc/wch74nnn249gm01jjtvcn0xh0000gn/T/chromatic--87368-Egqe0o45eKNu/assets/syntaxhighlighter-V7JZZA35-247a453b.js    0.45 kB │ gzip:   0.29 kB
../../../../../var/folders/tc/wch74nnn249gm01jjtvcn0xh0000gn/T/chromatic--87368-Egqe0o45eKNu/assets/preview-e7a3c7eb.js                       0.51 kB │ gzip:   0.33 kB
../../../../../var/folders/tc/wch74nnn249gm01jjtvcn0xh0000gn/T/chromatic--87368-Egqe0o45eKNu/assets/index-3fd0d1ea.js                         0.58 kB │ gzip:   0.35 kB
../../../../../var/folders/tc/wch74nnn249gm01jjtvcn0xh0000gn/T/chromatic--87368-Egqe0o45eKNu/assets/preview-73104b77.js                       0.64 kB │ gzip:   0.44 kB
../../../../../var/folders/tc/wch74nnn249gm01jjtvcn0xh0000gn/T/chromatic--87368-Egqe0o45eKNu/assets/_commonjsHelpers-de833af9.js              0.69 kB │ gzip:   0.38 kB
../../../../../var/folders/tc/wch74nnn249gm01jjtvcn0xh0000gn/T/chromatic--87368-Egqe0o45eKNu/assets/index-356e4a49.js                         0.77 kB │ gzip:   0.47 kB
../../../../../var/folders/tc/wch74nnn249gm01jjtvcn0xh0000gn/T/chromatic--87368-Egqe0o45eKNu/assets/index-8d47fad6.js                         0.80 kB │ gzip:   0.52 kB
../../../../../var/folders/tc/wch74nnn249gm01jjtvcn0xh0000gn/T/chromatic--87368-Egqe0o45eKNu/assets/preview-0ef86afd.js                       0.86 kB │ gzip:   0.55 kB
../../../../../var/folders/tc/wch74nnn249gm01jjtvcn0xh0000gn/T/chromatic--87368-Egqe0o45eKNu/assets/preview-6ba1a11f.js                       1.04 kB │ gzip:   0.67 kB
../../../../../var/folders/tc/wch74nnn249gm01jjtvcn0xh0000gn/T/chromatic--87368-Egqe0o45eKNu/assets/entry-preview-fb6629d6.js                 1.12 kB │ gzip:   0.66 kB
../../../../../var/folders/tc/wch74nnn249gm01jjtvcn0xh0000gn/T/chromatic--87368-Egqe0o45eKNu/assets/index-11d98b33.js                         2.59 kB │ gzip:   1.26 kB
../../../../../var/folders/tc/wch74nnn249gm01jjtvcn0xh0000gn/T/chromatic--87368-Egqe0o45eKNu/assets/Task.stories-f788ed25.js                  3.17 kB │ gzip:   1.43 kB
../../../../../var/folders/tc/wch74nnn249gm01jjtvcn0xh0000gn/T/chromatic--87368-Egqe0o45eKNu/assets/preview-30b54f76.js                       3.21 kB │ gzip:   1.37 kB
../../../../../var/folders/tc/wch74nnn249gm01jjtvcn0xh0000gn/T/chromatic--87368-Egqe0o45eKNu/assets/iframe-0a1623d4.js                        4.64 kB │ gzip:   1.66 kB
../../../../../var/folders/tc/wch74nnn249gm01jjtvcn0xh0000gn/T/chromatic--87368-Egqe0o45eKNu/assets/preview-d01b88e8.js                       5.23 kB │ gzip:   2.39 kB
../../../../../var/folders/tc/wch74nnn249gm01jjtvcn0xh0000gn/T/chromatic--87368-Egqe0o45eKNu/assets/index-76fb7be0.js                         7.16 kB │ gzip:   2.91 kB
../../../../../var/folders/tc/wch74nnn249gm01jjtvcn0xh0000gn/T/chromatic--87368-Egqe0o45eKNu/assets/preview-da31036b.js                       7.62 kB │ gzip:   1.56 kB
../../../../../var/folders/tc/wch74nnn249gm01jjtvcn0xh0000gn/T/chromatic--87368-Egqe0o45eKNu/assets/preview-c56bf6ac.js                       8.28 kB │ gzip:   3.16 kB
../../../../../var/folders/tc/wch74nnn249gm01jjtvcn0xh0000gn/T/chromatic--87368-Egqe0o45eKNu/assets/index-da07a199.js                        13.61 kB │ gzip:   5.08 kB
../../../../../var/folders/tc/wch74nnn249gm01jjtvcn0xh0000gn/T/chromatic--87368-Egqe0o45eKNu/assets/Color-6VNJS4EI-94d2cd54.js               17.64 kB │ gzip:   6.75 kB
../../../../../var/folders/tc/wch74nnn249gm01jjtvcn0xh0000gn/T/chromatic--87368-Egqe0o45eKNu/assets/TaskList.stories-691adb5c.js             32.55 kB │ gzip:  12.16 kB
../../../../../var/folders/tc/wch74nnn249gm01jjtvcn0xh0000gn/T/chromatic--87368-Egqe0o45eKNu/assets/preview-f8bdd522.js                      34.23 kB │ gzip:  13.37 kB
../../../../../var/folders/tc/wch74nnn249gm01jjtvcn0xh0000gn/T/chromatic--87368-Egqe0o45eKNu/assets/preview-21802b0a.js                      72.07 kB │ gzip:  24.33 kB
../../../../../var/folders/tc/wch74nnn249gm01jjtvcn0xh0000gn/T/chromatic--87368-Egqe0o45eKNu/assets/_getPrototype-1e53b583.js                78.40 kB │ gzip:  23.40 kB
../../../../../var/folders/tc/wch74nnn249gm01jjtvcn0xh0000gn/T/chromatic--87368-Egqe0o45eKNu/assets/react-18-236157c6.js                    134.55 kB │ gzip:  43.45 kB
../../../../../var/folders/tc/wch74nnn249gm01jjtvcn0xh0000gn/T/chromatic--87368-Egqe0o45eKNu/assets/entry-preview-docs-17bdf6ae.js          212.41 kB │ gzip:  65.85 kB
../../../../../var/folders/tc/wch74nnn249gm01jjtvcn0xh0000gn/T/chromatic--87368-Egqe0o45eKNu/assets/index-03d05a58.js                       375.25 kB │ gzip: 115.55 kB
../../../../../var/folders/tc/wch74nnn249gm01jjtvcn0xh0000gn/T/chromatic--87368-Egqe0o45eKNu/assets/DocsRenderer-NNNQARDV-2b326d7e.js       537.37 kB │ gzip: 175.11 kB
../../../../../var/folders/tc/wch74nnn249gm01jjtvcn0xh0000gn/T/chromatic--87368-Egqe0o45eKNu/assets/axe-c259e37e.js                         556.42 kB │ gzip: 152.74 kB
../../../../../var/folders/tc/wch74nnn249gm01jjtvcn0xh0000gn/T/chromatic--87368-Egqe0o45eKNu/assets/InboxScreen.stories-011d43eb.js         562.20 kB │ gzip: 148.54 kB
../../../../../var/folders/tc/wch74nnn249gm01jjtvcn0xh0000gn/T/chromatic--87368-Egqe0o45eKNu/assets/formatter-SWP5E3XI-c9f83db6.js          601.64 kB │ gzip: 185.06 kB

(!) Some chunks are larger than 500 kBs after minification. Consider:
- Using dynamic import() to code-split the application
- Use build.rollupOptions.output.manualChunks to improve chunking: https://rollupjs.org/configuration-options/#output-manualchunks
- Adjust chunk size limit for this warning via build.chunkSizeWarningLimit.
✓ built in 15.19s
info => Preview built (16 s)
info => Output directory: /var/folders/tc/wch74nnn249gm01jjtvcn0xh0000gn/T/chromatic--87368-Egqe0o45eKNu
